ISim log file
Running: D:\Dropbox\Thesis Project\Hardware\v1.0 Encode-Decoder no Fsm\Polar_32bits\system_isim_beh.exe -intstyle ise -gui -tclbatch isim.cmd -wdb D:/Dropbox/Thesis Project/Hardware/v1.0 Encode-Decoder no Fsm/Polar_32bits/system_isim_beh.wdb 
ISim P.28xd (signature 0xa0883be4)
This is a Full version of ISim.
Time resolution is 1 ps
# onerror resume
# wave add /
# run 1000 ns
Simulator is doing circuit initialization process.
at 0 ps, Instance /system/U_Decoder/F50/ : Warning: NUMERIC_STD."<": metavalue detected, returning FALSE
at 0 ps, Instance /system/U_Decoder/F52/ : Warning: NUMERIC_STD."<": metavalue detected, returning FALSE
at 0 ps, Instance /system/U_Decoder/F54/ : Warning: NUMERIC_STD."<": metavalue detected, returning FALSE
at 0 ps, Instance /system/U_Decoder/F56/ : Warning: NUMERIC_STD."<": metavalue detected, returning FALSE
at 0 ps, Instance /system/U_Decoder/F58/ : Warning: NUMERIC_STD."<": metavalue detected, returning FALSE
at 0 ps, Instance /system/U_Decoder/F510/ : Warning: NUMERIC_STD."<": metavalue detected, returning FALSE
at 0 ps, Instance /system/U_Decoder/F512/ : Warning: NUMERIC_STD."<": metavalue detected, returning FALSE
at 0 ps, Instance /system/U_Decoder/F514/ : Warning: NUMERIC_STD."<": metavalue detected, returning FALSE
at 0 ps, Instance /system/U_Decoder/F516/ : Warning: NUMERIC_STD."<": metavalue detected, returning FALSE
at 0 ps, Instance /system/U_Decoder/F518/ : Warning: NUMERIC_STD."<": metavalue detected, returning FALSE
at 0 ps, Instance /system/U_Decoder/F520/ : Warning: NUMERIC_STD."<": metavalue detected, returning FALSE
at 0 ps, Instance /system/U_Decoder/F522/ : Warning: NUMERIC_STD."<": metavalue detected, returning FALSE
at 0 ps, Instance /system/U_Decoder/F524/ : Warning: NUMERIC_STD."<": metavalue detected, returning FALSE
at 0 ps, Instance /system/U_Decoder/F526/ : Warning: NUMERIC_STD."<": metavalue detected, returning FALSE
at 0 ps, Instance /system/U_Decoder/F528/ : Warning: NUMERIC_STD."<": metavalue detected, returning FALSE
at 0 ps, Instance /system/U_Decoder/F530/ : Warning: NUMERIC_STD."<": metavalue detected, returning FALSE
at 0 ps, Instance /system/U_Decoder/F40/ : Warning: NUMERIC_STD."<": metavalue detected, returning FALSE
at 0 ps, Instance /system/U_Decoder/F41/ : Warning: NUMERIC_STD."<": metavalue detected, returning FALSE
at 0 ps, Instance /system/U_Decoder/F44/ : Warning: NUMERIC_STD."<": metavalue detected, returning FALSE
at 0 ps, Instance /system/U_Decoder/F45/ : Warning: NUMERIC_STD."<": metavalue detected, returning FALSE
at 0 ps, Instance /system/U_Decoder/F48/ : Warning: NUMERIC_STD."<": metavalue detected, returning FALSE
at 0 ps, Instance /system/U_Decoder/F49/ : Warning: NUMERIC_STD."<": metavalue detected, returning FALSE
at 0 ps, Instance /system/U_Decoder/F412/ : Warning: NUMERIC_STD."<": metavalue detected, returning FALSE
at 0 ps, Instance /system/U_Decoder/F413/ : Warning: NUMERIC_STD."<": metavalue detected, returning FALSE
at 0 ps, Instance /system/U_Decoder/F416/ : Warning: NUMERIC_STD."<": metavalue detected, returning FALSE
at 0 ps, Instance /system/U_Decoder/F417/ : Warning: NUMERIC_STD."<": metavalue detected, returning FALSE
at 0 ps, Instance /system/U_Decoder/F420/ : Warning: NUMERIC_STD."<": metavalue detected, returning FALSE
at 0 ps, Instance /system/U_Decoder/F421/ : Warning: NUMERIC_STD."<": metavalue detected, returning FALSE
at 0 ps, Instance /system/U_Decoder/F424/ : Warning: NUMERIC_STD."<": metavalue detected, returning FALSE
at 0 ps, Instance /system/U_Decoder/F425/ : Warning: NUMERIC_STD."<": metavalue detected, returning FALSE
at 0 ps, Instance /system/U_Decoder/F428/ : Warning: NUMERIC_STD."<": metavalue detected, returning FALSE
at 0 ps, Instance /system/U_Decoder/F429/ : Warning: NUMERIC_STD."<": metavalue detected, returning FALSE
at 0 ps, Instance /system/U_Decoder/F30/ : Warning: NUMERIC_STD."<": metavalue detected, returning FALSE
at 0 ps, Instance /system/U_Decoder/F31/ : Warning: NUMERIC_STD."<": metavalue detected, returning FALSE
at 0 ps, Instance /system/U_Decoder/F32/ : Warning: NUMERIC_STD."<": metavalue detected, returning FALSE
at 0 ps, Instance /system/U_Decoder/F33/ : Warning: NUMERIC_STD."<": metavalue detected, returning FALSE
at 0 ps, Instance /system/U_Decoder/F38/ : Warning: NUMERIC_STD."<": metavalue detected, returning FALSE
at 0 ps, Instance /system/U_Decoder/F39/ : Warning: NUMERIC_STD."<": metavalue detected, returning FALSE
at 0 ps, Instance /system/U_Decoder/F310/ : Warning: NUMERIC_STD."<": metavalue detected, returning FALSE
at 0 ps, Instance /system/U_Decoder/F311/ : Warning: NUMERIC_STD."<": metavalue detected, returning FALSE
at 0 ps, Instance /system/U_Decoder/F316/ : Warning: NUMERIC_STD."<": metavalue detected, returning FALSE
at 0 ps, Instance /system/U_Decoder/F317/ : Warning: NUMERIC_STD."<": metavalue detected, returning FALSE
at 0 ps, Instance /system/U_Decoder/F318/ : Warning: NUMERIC_STD."<": metavalue detected, returning FALSE
at 0 ps, Instance /system/U_Decoder/F319/ : Warning: NUMERIC_STD."<": metavalue detected, returning FALSE
at 0 ps, Instance /system/U_Decoder/F324/ : Warning: NUMERIC_STD."<": metavalue detected, returning FALSE
at 0 ps, Instance /system/U_Decoder/F325/ : Warning: NUMERIC_STD."<": metavalue detected, returning FALSE
at 0 ps, Instance /system/U_Decoder/F326/ : Warning: NUMERIC_STD."<": metavalue detected, returning FALSE
at 0 ps, Instance /system/U_Decoder/F327/ : Warning: NUMERIC_STD."<": metavalue detected, returning FALSE
at 0 ps, Instance /system/U_Decoder/F20/ : Warning: NUMERIC_STD."<": metavalue detected, returning FALSE
at 0 ps, Instance /system/U_Decoder/F21/ : Warning: NUMERIC_STD."<": metavalue detected, returning FALSE
at 0 ps, Instance /system/U_Decoder/F22/ : Warning: NUMERIC_STD."<": metavalue detected, returning FALSE
at 0 ps, Instance /system/U_Decoder/F23/ : Warning: NUMERIC_STD."<": metavalue detected, returning FALSE
at 0 ps, Instance /system/U_Decoder/F24/ : Warning: NUMERIC_STD."<": metavalue detected, returning FALSE
at 0 ps, Instance /system/U_Decoder/F25/ : Warning: NUMERIC_STD."<": metavalue detected, returning FALSE
at 0 ps, Instance /system/U_Decoder/F26/ : Warning: NUMERIC_STD."<": metavalue detected, returning FALSE
at 0 ps, Instance /system/U_Decoder/F27/ : Warning: NUMERIC_STD."<": metavalue detected, returning FALSE
at 0 ps, Instance /system/U_Decoder/F216/ : Warning: NUMERIC_STD."<": metavalue detected, returning FALSE
at 0 ps, Instance /system/U_Decoder/F217/ : Warning: NUMERIC_STD."<": metavalue detected, returning FALSE
at 0 ps, Instance /system/U_Decoder/F218/ : Warning: NUMERIC_STD."<": metavalue detected, returning FALSE
at 0 ps, Instance /system/U_Decoder/F219/ : Warning: NUMERIC_STD."<": metavalue detected, returning FALSE
at 0 ps, Instance /system/U_Decoder/F220/ : Warning: NUMERIC_STD."<": metavalue detected, returning FALSE
at 0 ps, Instance /system/U_Decoder/F221/ : Warning: NUMERIC_STD."<": metavalue detected, returning FALSE
at 0 ps, Instance /system/U_Decoder/F222/ : Warning: NUMERIC_STD."<": metavalue detected, returning FALSE
at 0 ps, Instance /system/U_Decoder/F223/ : Warning: NUMERIC_STD."<": metavalue detected, returning FALSE
at 0 ps, Instance /system/U_Decoder/F10/ : Warning: NUMERIC_STD."<": metavalue detected, returning FALSE
at 0 ps, Instance /system/U_Decoder/F11/ : Warning: NUMERIC_STD."<": metavalue detected, returning FALSE
at 0 ps, Instance /system/U_Decoder/F12/ : Warning: NUMERIC_STD."<": metavalue detected, returning FALSE
at 0 ps, Instance /system/U_Decoder/F13/ : Warning: NUMERIC_STD."<": metavalue detected, returning FALSE
at 0 ps, Instance /system/U_Decoder/F14/ : Warning: NUMERIC_STD."<": metavalue detected, returning FALSE
at 0 ps, Instance /system/U_Decoder/F15/ : Warning: NUMERIC_STD."<": metavalue detected, returning FALSE
at 0 ps, Instance /system/U_Decoder/F16/ : Warning: NUMERIC_STD."<": metavalue detected, returning FALSE
at 0 ps, Instance /system/U_Decoder/F17/ : Warning: NUMERIC_STD."<": metavalue detected, returning FALSE
at 0 ps, Instance /system/U_Decoder/F18/ : Warning: NUMERIC_STD."<": metavalue detected, returning FALSE
at 0 ps, Instance /system/U_Decoder/F19/ : Warning: NUMERIC_STD."<": metavalue detected, returning FALSE
at 0 ps, Instance /system/U_Decoder/F110/ : Warning: NUMERIC_STD."<": metavalue detected, returning FALSE
at 0 ps, Instance /system/U_Decoder/F111/ : Warning: NUMERIC_STD."<": metavalue detected, returning FALSE
at 0 ps, Instance /system/U_Decoder/F112/ : Warning: NUMERIC_STD."<": metavalue detected, returning FALSE
at 0 ps, Instance /system/U_Decoder/F113/ : Warning: NUMERIC_STD."<": metavalue detected, returning FALSE
at 0 ps, Instance /system/U_Decoder/F114/ : Warning: NUMERIC_STD."<": metavalue detected, returning FALSE
at 0 ps, Instance /system/U_Decoder/F115/ : Warning: NUMERIC_STD."<": metavalue detected, returning FALSE
Finished circuit initialization process.
at 0 ps, Instance /system/U_Decoder/F40/ : Warning: NUMERIC_STD."<": metavalue detected, returning FALSE
at 0 ps, Instance /system/U_Decoder/F41/ : Warning: NUMERIC_STD."<": metavalue detected, returning FALSE
at 0 ps, Instance /system/U_Decoder/F44/ : Warning: NUMERIC_STD."<": metavalue detected, returning FALSE
at 0 ps, Instance /system/U_Decoder/F45/ : Warning: NUMERIC_STD."<": metavalue detected, returning FALSE
at 0 ps, Instance /system/U_Decoder/F48/ : Warning: NUMERIC_STD."<": metavalue detected, returning FALSE
at 0 ps, Instance /system/U_Decoder/F49/ : Warning: NUMERIC_STD."<": metavalue detected, returning FALSE
at 0 ps, Instance /system/U_Decoder/F412/ : Warning: NUMERIC_STD."<": metavalue detected, returning FALSE
at 0 ps, Instance /system/U_Decoder/F413/ : Warning: NUMERIC_STD."<": metavalue detected, returning FALSE
at 0 ps, Instance /system/U_Decoder/F416/ : Warning: NUMERIC_STD."<": metavalue detected, returning FALSE
at 0 ps, Instance /system/U_Decoder/F417/ : Warning: NUMERIC_STD."<": metavalue detected, returning FALSE
at 0 ps, Instance /system/U_Decoder/F420/ : Warning: NUMERIC_STD."<": metavalue detected, returning FALSE
at 0 ps, Instance /system/U_Decoder/F421/ : Warning: NUMERIC_STD."<": metavalue detected, returning FALSE
at 0 ps, Instance /system/U_Decoder/F424/ : Warning: NUMERIC_STD."<": metavalue detected, returning FALSE
at 0 ps, Instance /system/U_Decoder/F425/ : Warning: NUMERIC_STD."<": metavalue detected, returning FALSE
at 0 ps, Instance /system/U_Decoder/F428/ : Warning: NUMERIC_STD."<": metavalue detected, returning FALSE
at 0 ps, Instance /system/U_Decoder/F429/ : Warning: NUMERIC_STD."<": metavalue detected, returning FALSE
at 0 ps, Instance /system/U_Decoder/F30/ : Warning: NUMERIC_STD."<": metavalue detected, returning FALSE
at 0 ps, Instance /system/U_Decoder/F31/ : Warning: NUMERIC_STD."<": metavalue detected, returning FALSE
at 0 ps, Instance /system/U_Decoder/F32/ : Warning: NUMERIC_STD."<": metavalue detected, returning FALSE
at 0 ps, Instance /system/U_Decoder/F33/ : Warning: NUMERIC_STD."<": metavalue detected, returning FALSE
at 0 ps, Instance /system/U_Decoder/F38/ : Warning: NUMERIC_STD."<": metavalue detected, returning FALSE
at 0 ps, Instance /system/U_Decoder/F39/ : Warning: NUMERIC_STD."<": metavalue detected, returning FALSE
at 0 ps, Instance /system/U_Decoder/F310/ : Warning: NUMERIC_STD."<": metavalue detected, returning FALSE
at 0 ps, Instance /system/U_Decoder/F311/ : Warning: NUMERIC_STD."<": metavalue detected, returning FALSE
at 0 ps, Instance /system/U_Decoder/F316/ : Warning: NUMERIC_STD."<": metavalue detected, returning FALSE
at 0 ps, Instance /system/U_Decoder/F317/ : Warning: NUMERIC_STD."<": metavalue detected, returning FALSE
at 0 ps, Instance /system/U_Decoder/F318/ : Warning: NUMERIC_STD."<": metavalue detected, returning FALSE
at 0 ps, Instance /system/U_Decoder/F319/ : Warning: NUMERIC_STD."<": metavalue detected, returning FALSE
at 0 ps, Instance /system/U_Decoder/F324/ : Warning: NUMERIC_STD."<": metavalue detected, returning FALSE
at 0 ps, Instance /system/U_Decoder/F325/ : Warning: NUMERIC_STD."<": metavalue detected, returning FALSE
at 0 ps, Instance /system/U_Decoder/F326/ : Warning: NUMERIC_STD."<": metavalue detected, returning FALSE
at 0 ps, Instance /system/U_Decoder/F327/ : Warning: NUMERIC_STD."<": metavalue detected, returning FALSE
at 0 ps, Instance /system/U_Decoder/F20/ : Warning: NUMERIC_STD."<": metavalue detected, returning FALSE
at 0 ps, Instance /system/U_Decoder/F21/ : Warning: NUMERIC_STD."<": metavalue detected, returning FALSE
at 0 ps, Instance /system/U_Decoder/F22/ : Warning: NUMERIC_STD."<": metavalue detected, returning FALSE
at 0 ps, Instance /system/U_Decoder/F23/ : Warning: NUMERIC_STD."<": metavalue detected, returning FALSE
at 0 ps, Instance /system/U_Decoder/F24/ : Warning: NUMERIC_STD."<": metavalue detected, returning FALSE
at 0 ps, Instance /system/U_Decoder/F25/ : Warning: NUMERIC_STD."<": metavalue detected, returning FALSE
at 0 ps, Instance /system/U_Decoder/F26/ : Warning: NUMERIC_STD."<": metavalue detected, returning FALSE
at 0 ps, Instance /system/U_Decoder/F27/ : Warning: NUMERIC_STD."<": metavalue detected, returning FALSE
at 0 ps, Instance /system/U_Decoder/F216/ : Warning: NUMERIC_STD."<": metavalue detected, returning FALSE
at 0 ps, Instance /system/U_Decoder/F217/ : Warning: NUMERIC_STD."<": metavalue detected, returning FALSE
at 0 ps, Instance /system/U_Decoder/F218/ : Warning: NUMERIC_STD."<": metavalue detected, returning FALSE
at 0 ps, Instance /system/U_Decoder/F219/ : Warning: NUMERIC_STD."<": metavalue detected, returning FALSE
at 0 ps, Instance /system/U_Decoder/F220/ : Warning: NUMERIC_STD."<": metavalue detected, returning FALSE
at 0 ps, Instance /system/U_Decoder/F221/ : Warning: NUMERIC_STD."<": metavalue detected, returning FALSE
at 0 ps, Instance /system/U_Decoder/F222/ : Warning: NUMERIC_STD."<": metavalue detected, returning FALSE
at 0 ps, Instance /system/U_Decoder/F223/ : Warning: NUMERIC_STD."<": metavalue detected, returning FALSE
at 0 ps, Instance /system/U_Decoder/F10/ : Warning: NUMERIC_STD."<": metavalue detected, returning FALSE
at 0 ps, Instance /system/U_Decoder/F11/ : Warning: NUMERIC_STD."<": metavalue detected, returning FALSE
at 0 ps, Instance /system/U_Decoder/F12/ : Warning: NUMERIC_STD."<": metavalue detected, returning FALSE
at 0 ps, Instance /system/U_Decoder/F13/ : Warning: NUMERIC_STD."<": metavalue detected, returning FALSE
at 0 ps, Instance /system/U_Decoder/F14/ : Warning: NUMERIC_STD."<": metavalue detected, returning FALSE
at 0 ps, Instance /system/U_Decoder/F15/ : Warning: NUMERIC_STD."<": metavalue detected, returning FALSE
at 0 ps, Instance /system/U_Decoder/F16/ : Warning: NUMERIC_STD."<": metavalue detected, returning FALSE
at 0 ps, Instance /system/U_Decoder/F17/ : Warning: NUMERIC_STD."<": metavalue detected, returning FALSE
at 0 ps, Instance /system/U_Decoder/F18/ : Warning: NUMERIC_STD."<": metavalue detected, returning FALSE
at 0 ps, Instance /system/U_Decoder/F19/ : Warning: NUMERIC_STD."<": metavalue detected, returning FALSE
at 0 ps, Instance /system/U_Decoder/F110/ : Warning: NUMERIC_STD."<": metavalue detected, returning FALSE
at 0 ps, Instance /system/U_Decoder/F111/ : Warning: NUMERIC_STD."<": metavalue detected, returning FALSE
at 0 ps, Instance /system/U_Decoder/F112/ : Warning: NUMERIC_STD."<": metavalue detected, returning FALSE
at 0 ps, Instance /system/U_Decoder/F113/ : Warning: NUMERIC_STD."<": metavalue detected, returning FALSE
at 0 ps, Instance /system/U_Decoder/F114/ : Warning: NUMERIC_STD."<": metavalue detected, returning FALSE
at 0 ps, Instance /system/U_Decoder/F115/ : Warning: NUMERIC_STD."<": metavalue detected, returning FALSE
# restart
# isim force add /system/clk 1 -radix bin -value 0 -radix bin -time 50 ps -repeat 100 ps
# isim force add /system/boot 1 -radix bin
# run 1.00us
Simulator is doing circuit initialization process.
at 0 ps, Instance /system/U_Decoder/F50/ : Warning: NUMERIC_STD."<": metavalue detected, returning FALSE
at 0 ps, Instance /system/U_Decoder/F52/ : Warning: NUMERIC_STD."<": metavalue detected, returning FALSE
at 0 ps, Instance /system/U_Decoder/F54/ : Warning: NUMERIC_STD."<": metavalue detected, returning FALSE
at 0 ps, Instance /system/U_Decoder/F56/ : Warning: NUMERIC_STD."<": metavalue detected, returning FALSE
at 0 ps, Instance /system/U_Decoder/F58/ : Warning: NUMERIC_STD."<": metavalue detected, returning FALSE
at 0 ps, Instance /system/U_Decoder/F510/ : Warning: NUMERIC_STD."<": metavalue detected, returning FALSE
at 0 ps, Instance /system/U_Decoder/F512/ : Warning: NUMERIC_STD."<": metavalue detected, returning FALSE
at 0 ps, Instance /system/U_Decoder/F514/ : Warning: NUMERIC_STD."<": metavalue detected, returning FALSE
at 0 ps, Instance /system/U_Decoder/F516/ : Warning: NUMERIC_STD."<": metavalue detected, returning FALSE
at 0 ps, Instance /system/U_Decoder/F518/ : Warning: NUMERIC_STD."<": metavalue detected, returning FALSE
at 0 ps, Instance /system/U_Decoder/F520/ : Warning: NUMERIC_STD."<": metavalue detected, returning FALSE
at 0 ps, Instance /system/U_Decoder/F522/ : Warning: NUMERIC_STD."<": metavalue detected, returning FALSE
at 0 ps, Instance /system/U_Decoder/F524/ : Warning: NUMERIC_STD."<": metavalue detected, returning FALSE
at 0 ps, Instance /system/U_Decoder/F526/ : Warning: NUMERIC_STD."<": metavalue detected, returning FALSE
at 0 ps, Instance /system/U_Decoder/F528/ : Warning: NUMERIC_STD."<": metavalue detected, returning FALSE
at 0 ps, Instance /system/U_Decoder/F530/ : Warning: NUMERIC_STD."<": metavalue detected, returning FALSE
at 0 ps, Instance /system/U_Decoder/F40/ : Warning: NUMERIC_STD."<": metavalue detected, returning FALSE
at 0 ps, Instance /system/U_Decoder/F41/ : Warning: NUMERIC_STD."<": metavalue detected, returning FALSE
at 0 ps, Instance /system/U_Decoder/F44/ : Warning: NUMERIC_STD."<": metavalue detected, returning FALSE
at 0 ps, Instance /system/U_Decoder/F45/ : Warning: NUMERIC_STD."<": metavalue detected, returning FALSE
at 0 ps, Instance /system/U_Decoder/F48/ : Warning: NUMERIC_STD."<": metavalue detected, returning FALSE
at 0 ps, Instance /system/U_Decoder/F49/ : Warning: NUMERIC_STD."<": metavalue detected, returning FALSE
at 0 ps, Instance /system/U_Decoder/F412/ : Warning: NUMERIC_STD."<": metavalue detected, returning FALSE
at 0 ps, Instance /system/U_Decoder/F413/ : Warning: NUMERIC_STD."<": metavalue detected, returning FALSE
at 0 ps, Instance /system/U_Decoder/F416/ : Warning: NUMERIC_STD."<": metavalue detected, returning FALSE
at 0 ps, Instance /system/U_Decoder/F417/ : Warning: NUMERIC_STD."<": metavalue detected, returning FALSE
at 0 ps, Instance /system/U_Decoder/F420/ : Warning: NUMERIC_STD."<": metavalue detected, returning FALSE
at 0 ps, Instance /system/U_Decoder/F421/ : Warning: NUMERIC_STD."<": metavalue detected, returning FALSE
at 0 ps, Instance /system/U_Decoder/F424/ : Warning: NUMERIC_STD."<": metavalue detected, returning FALSE
at 0 ps, Instance /system/U_Decoder/F425/ : Warning: NUMERIC_STD."<": metavalue detected, returning FALSE
at 0 ps, Instance /system/U_Decoder/F428/ : Warning: NUMERIC_STD."<": metavalue detected, returning FALSE
at 0 ps, Instance /system/U_Decoder/F429/ : Warning: NUMERIC_STD."<": metavalue detected, returning FALSE
at 0 ps, Instance /system/U_Decoder/F30/ : Warning: NUMERIC_STD."<": metavalue detected, returning FALSE
at 0 ps, Instance /system/U_Decoder/F31/ : Warning: NUMERIC_STD."<": metavalue detected, returning FALSE
at 0 ps, Instance /system/U_Decoder/F32/ : Warning: NUMERIC_STD."<": metavalue detected, returning FALSE
at 0 ps, Instance /system/U_Decoder/F33/ : Warning: NUMERIC_STD."<": metavalue detected, returning FALSE
at 0 ps, Instance /system/U_Decoder/F38/ : Warning: NUMERIC_STD."<": metavalue detected, returning FALSE
at 0 ps, Instance /system/U_Decoder/F39/ : Warning: NUMERIC_STD."<": metavalue detected, returning FALSE
at 0 ps, Instance /system/U_Decoder/F310/ : Warning: NUMERIC_STD."<": metavalue detected, returning FALSE
at 0 ps, Instance /system/U_Decoder/F311/ : Warning: NUMERIC_STD."<": metavalue detected, returning FALSE
at 0 ps, Instance /system/U_Decoder/F316/ : Warning: NUMERIC_STD."<": metavalue detected, returning FALSE
at 0 ps, Instance /system/U_Decoder/F317/ : Warning: NUMERIC_STD."<": metavalue detected, returning FALSE
at 0 ps, Instance /system/U_Decoder/F318/ : Warning: NUMERIC_STD."<": metavalue detected, returning FALSE
at 0 ps, Instance /system/U_Decoder/F319/ : Warning: NUMERIC_STD."<": metavalue detected, returning FALSE
at 0 ps, Instance /system/U_Decoder/F324/ : Warning: NUMERIC_STD."<": metavalue detected, returning FALSE
at 0 ps, Instance /system/U_Decoder/F325/ : Warning: NUMERIC_STD."<": metavalue detected, returning FALSE
at 0 ps, Instance /system/U_Decoder/F326/ : Warning: NUMERIC_STD."<": metavalue detected, returning FALSE
at 0 ps, Instance /system/U_Decoder/F327/ : Warning: NUMERIC_STD."<": metavalue detected, returning FALSE
at 0 ps, Instance /system/U_Decoder/F20/ : Warning: NUMERIC_STD."<": metavalue detected, returning FALSE
at 0 ps, Instance /system/U_Decoder/F21/ : Warning: NUMERIC_STD."<": metavalue detected, returning FALSE
at 0 ps, Instance /system/U_Decoder/F22/ : Warning: NUMERIC_STD."<": metavalue detected, returning FALSE
at 0 ps, Instance /system/U_Decoder/F23/ : Warning: NUMERIC_STD."<": metavalue detected, returning FALSE
at 0 ps, Instance /system/U_Decoder/F24/ : Warning: NUMERIC_STD."<": metavalue detected, returning FALSE
at 0 ps, Instance /system/U_Decoder/F25/ : Warning: NUMERIC_STD."<": metavalue detected, returning FALSE
at 0 ps, Instance /system/U_Decoder/F26/ : Warning: NUMERIC_STD."<": metavalue detected, returning FALSE
at 0 ps, Instance /system/U_Decoder/F27/ : Warning: NUMERIC_STD."<": metavalue detected, returning FALSE
at 0 ps, Instance /system/U_Decoder/F216/ : Warning: NUMERIC_STD."<": metavalue detected, returning FALSE
at 0 ps, Instance /system/U_Decoder/F217/ : Warning: NUMERIC_STD."<": metavalue detected, returning FALSE
at 0 ps, Instance /system/U_Decoder/F218/ : Warning: NUMERIC_STD."<": metavalue detected, returning FALSE
at 0 ps, Instance /system/U_Decoder/F219/ : Warning: NUMERIC_STD."<": metavalue detected, returning FALSE
at 0 ps, Instance /system/U_Decoder/F220/ : Warning: NUMERIC_STD."<": metavalue detected, returning FALSE
at 0 ps, Instance /system/U_Decoder/F221/ : Warning: NUMERIC_STD."<": metavalue detected, returning FALSE
at 0 ps, Instance /system/U_Decoder/F222/ : Warning: NUMERIC_STD."<": metavalue detected, returning FALSE
at 0 ps, Instance /system/U_Decoder/F223/ : Warning: NUMERIC_STD."<": metavalue detected, returning FALSE
at 0 ps, Instance /system/U_Decoder/F10/ : Warning: NUMERIC_STD."<": metavalue detected, returning FALSE
at 0 ps, Instance /system/U_Decoder/F11/ : Warning: NUMERIC_STD."<": metavalue detected, returning FALSE
at 0 ps, Instance /system/U_Decoder/F12/ : Warning: NUMERIC_STD."<": metavalue detected, returning FALSE
at 0 ps, Instance /system/U_Decoder/F13/ : Warning: NUMERIC_STD."<": metavalue detected, returning FALSE
at 0 ps, Instance /system/U_Decoder/F14/ : Warning: NUMERIC_STD."<": metavalue detected, returning FALSE
at 0 ps, Instance /system/U_Decoder/F15/ : Warning: NUMERIC_STD."<": metavalue detected, returning FALSE
at 0 ps, Instance /system/U_Decoder/F16/ : Warning: NUMERIC_STD."<": metavalue detected, returning FALSE
at 0 ps, Instance /system/U_Decoder/F17/ : Warning: NUMERIC_STD."<": metavalue detected, returning FALSE
at 0 ps, Instance /system/U_Decoder/F18/ : Warning: NUMERIC_STD."<": metavalue detected, returning FALSE
at 0 ps, Instance /system/U_Decoder/F19/ : Warning: NUMERIC_STD."<": metavalue detected, returning FALSE
at 0 ps, Instance /system/U_Decoder/F110/ : Warning: NUMERIC_STD."<": metavalue detected, returning FALSE
at 0 ps, Instance /system/U_Decoder/F111/ : Warning: NUMERIC_STD."<": metavalue detected, returning FALSE
at 0 ps, Instance /system/U_Decoder/F112/ : Warning: NUMERIC_STD."<": metavalue detected, returning FALSE
at 0 ps, Instance /system/U_Decoder/F113/ : Warning: NUMERIC_STD."<": metavalue detected, returning FALSE
at 0 ps, Instance /system/U_Decoder/F114/ : Warning: NUMERIC_STD."<": metavalue detected, returning FALSE
at 0 ps, Instance /system/U_Decoder/F115/ : Warning: NUMERIC_STD."<": metavalue detected, returning FALSE
Finished circuit initialization process.
at 0 ps, Instance /system/U_Decoder/F40/ : Warning: NUMERIC_STD."<": metavalue detected, returning FALSE
at 0 ps, Instance /system/U_Decoder/F41/ : Warning: NUMERIC_STD."<": metavalue detected, returning FALSE
at 0 ps, Instance /system/U_Decoder/F44/ : Warning: NUMERIC_STD."<": metavalue detected, returning FALSE
at 0 ps, Instance /system/U_Decoder/F45/ : Warning: NUMERIC_STD."<": metavalue detected, returning FALSE
at 0 ps, Instance /system/U_Decoder/F48/ : Warning: NUMERIC_STD."<": metavalue detected, returning FALSE
at 0 ps, Instance /system/U_Decoder/F49/ : Warning: NUMERIC_STD."<": metavalue detected, returning FALSE
at 0 ps, Instance /system/U_Decoder/F412/ : Warning: NUMERIC_STD."<": metavalue detected, returning FALSE
at 0 ps, Instance /system/U_Decoder/F413/ : Warning: NUMERIC_STD."<": metavalue detected, returning FALSE
at 0 ps, Instance /system/U_Decoder/F416/ : Warning: NUMERIC_STD."<": metavalue detected, returning FALSE
at 0 ps, Instance /system/U_Decoder/F417/ : Warning: NUMERIC_STD."<": metavalue detected, returning FALSE
at 0 ps, Instance /system/U_Decoder/F420/ : Warning: NUMERIC_STD."<": metavalue detected, returning FALSE
at 0 ps, Instance /system/U_Decoder/F421/ : Warning: NUMERIC_STD."<": metavalue detected, returning FALSE
at 0 ps, Instance /system/U_Decoder/F424/ : Warning: NUMERIC_STD."<": metavalue detected, returning FALSE
at 0 ps, Instance /system/U_Decoder/F425/ : Warning: NUMERIC_STD."<": metavalue detected, returning FALSE
at 0 ps, Instance /system/U_Decoder/F428/ : Warning: NUMERIC_STD."<": metavalue detected, returning FALSE
at 0 ps, Instance /system/U_Decoder/F429/ : Warning: NUMERIC_STD."<": metavalue detected, returning FALSE
at 0 ps, Instance /system/U_Decoder/F30/ : Warning: NUMERIC_STD."<": metavalue detected, returning FALSE
at 0 ps, Instance /system/U_Decoder/F31/ : Warning: NUMERIC_STD."<": metavalue detected, returning FALSE
at 0 ps, Instance /system/U_Decoder/F32/ : Warning: NUMERIC_STD."<": metavalue detected, returning FALSE
at 0 ps, Instance /system/U_Decoder/F33/ : Warning: NUMERIC_STD."<": metavalue detected, returning FALSE
at 0 ps, Instance /system/U_Decoder/F38/ : Warning: NUMERIC_STD."<": metavalue detected, returning FALSE
at 0 ps, Instance /system/U_Decoder/F39/ : Warning: NUMERIC_STD."<": metavalue detected, returning FALSE
at 0 ps, Instance /system/U_Decoder/F310/ : Warning: NUMERIC_STD."<": metavalue detected, returning FALSE
at 0 ps, Instance /system/U_Decoder/F311/ : Warning: NUMERIC_STD."<": metavalue detected, returning FALSE
at 0 ps, Instance /system/U_Decoder/F316/ : Warning: NUMERIC_STD."<": metavalue detected, returning FALSE
at 0 ps, Instance /system/U_Decoder/F317/ : Warning: NUMERIC_STD."<": metavalue detected, returning FALSE
at 0 ps, Instance /system/U_Decoder/F318/ : Warning: NUMERIC_STD."<": metavalue detected, returning FALSE
at 0 ps, Instance /system/U_Decoder/F319/ : Warning: NUMERIC_STD."<": metavalue detected, returning FALSE
at 0 ps, Instance /system/U_Decoder/F324/ : Warning: NUMERIC_STD."<": metavalue detected, returning FALSE
at 0 ps, Instance /system/U_Decoder/F325/ : Warning: NUMERIC_STD."<": metavalue detected, returning FALSE
at 0 ps, Instance /system/U_Decoder/F326/ : Warning: NUMERIC_STD."<": metavalue detected, returning FALSE
at 0 ps, Instance /system/U_Decoder/F327/ : Warning: NUMERIC_STD."<": metavalue detected, returning FALSE
at 0 ps, Instance /system/U_Decoder/F20/ : Warning: NUMERIC_STD."<": metavalue detected, returning FALSE
at 0 ps, Instance /system/U_Decoder/F21/ : Warning: NUMERIC_STD."<": metavalue detected, returning FALSE
at 0 ps, Instance /system/U_Decoder/F22/ : Warning: NUMERIC_STD."<": metavalue detected, returning FALSE
at 0 ps, Instance /system/U_Decoder/F23/ : Warning: NUMERIC_STD."<": metavalue detected, returning FALSE
at 0 ps, Instance /system/U_Decoder/F24/ : Warning: NUMERIC_STD."<": metavalue detected, returning FALSE
at 0 ps, Instance /system/U_Decoder/F25/ : Warning: NUMERIC_STD."<": metavalue detected, returning FALSE
at 0 ps, Instance /system/U_Decoder/F26/ : Warning: NUMERIC_STD."<": metavalue detected, returning FALSE
at 0 ps, Instance /system/U_Decoder/F27/ : Warning: NUMERIC_STD."<": metavalue detected, returning FALSE
at 0 ps, Instance /system/U_Decoder/F216/ : Warning: NUMERIC_STD."<": metavalue detected, returning FALSE
at 0 ps, Instance /system/U_Decoder/F217/ : Warning: NUMERIC_STD."<": metavalue detected, returning FALSE
at 0 ps, Instance /system/U_Decoder/F218/ : Warning: NUMERIC_STD."<": metavalue detected, returning FALSE
at 0 ps, Instance /system/U_Decoder/F219/ : Warning: NUMERIC_STD."<": metavalue detected, returning FALSE
at 0 ps, Instance /system/U_Decoder/F220/ : Warning: NUMERIC_STD."<": metavalue detected, returning FALSE
at 0 ps, Instance /system/U_Decoder/F221/ : Warning: NUMERIC_STD."<": metavalue detected, returning FALSE
at 0 ps, Instance /system/U_Decoder/F222/ : Warning: NUMERIC_STD."<": metavalue detected, returning FALSE
at 0 ps, Instance /system/U_Decoder/F223/ : Warning: NUMERIC_STD."<": metavalue detected, returning FALSE
at 0 ps, Instance /system/U_Decoder/F10/ : Warning: NUMERIC_STD."<": metavalue detected, returning FALSE
at 0 ps, Instance /system/U_Decoder/F11/ : Warning: NUMERIC_STD."<": metavalue detected, returning FALSE
at 0 ps, Instance /system/U_Decoder/F12/ : Warning: NUMERIC_STD."<": metavalue detected, returning FALSE
at 0 ps, Instance /system/U_Decoder/F13/ : Warning: NUMERIC_STD."<": metavalue detected, returning FALSE
at 0 ps, Instance /system/U_Decoder/F14/ : Warning: NUMERIC_STD."<": metavalue detected, returning FALSE
at 0 ps, Instance /system/U_Decoder/F15/ : Warning: NUMERIC_STD."<": metavalue detected, returning FALSE
at 0 ps, Instance /system/U_Decoder/F16/ : Warning: NUMERIC_STD."<": metavalue detected, returning FALSE
at 0 ps, Instance /system/U_Decoder/F17/ : Warning: NUMERIC_STD."<": metavalue detected, returning FALSE
at 0 ps, Instance /system/U_Decoder/F18/ : Warning: NUMERIC_STD."<": metavalue detected, returning FALSE
at 0 ps, Instance /system/U_Decoder/F19/ : Warning: NUMERIC_STD."<": metavalue detected, returning FALSE
at 0 ps, Instance /system/U_Decoder/F110/ : Warning: NUMERIC_STD."<": metavalue detected, returning FALSE
at 0 ps, Instance /system/U_Decoder/F111/ : Warning: NUMERIC_STD."<": metavalue detected, returning FALSE
at 0 ps, Instance /system/U_Decoder/F112/ : Warning: NUMERIC_STD."<": metavalue detected, returning FALSE
at 0 ps, Instance /system/U_Decoder/F113/ : Warning: NUMERIC_STD."<": metavalue detected, returning FALSE
at 0 ps, Instance /system/U_Decoder/F114/ : Warning: NUMERIC_STD."<": metavalue detected, returning FALSE
at 0 ps, Instance /system/U_Decoder/F115/ : Warning: NUMERIC_STD."<": metavalue detected, returning FALSE
at 100 ps(5), Instance /system/U_Decoder/F40/ : Warning: NUMERIC_STD."<": metavalue detected, returning FALSE
at 100 ps(5), Instance /system/U_Decoder/F44/ : Warning: NUMERIC_STD."<": metavalue detected, returning FALSE
at 100 ps(5), Instance /system/U_Decoder/F48/ : Warning: NUMERIC_STD."<": metavalue detected, returning FALSE
at 100 ps(5), Instance /system/U_Decoder/F412/ : Warning: NUMERIC_STD."<": metavalue detected, returning FALSE
at 100 ps(5), Instance /system/U_Decoder/F416/ : Warning: NUMERIC_STD."<": metavalue detected, returning FALSE
at 100 ps(5), Instance /system/U_Decoder/F420/ : Warning: NUMERIC_STD."<": metavalue detected, returning FALSE
at 100 ps(5), Instance /system/U_Decoder/F424/ : Warning: NUMERIC_STD."<": metavalue detected, returning FALSE
at 100 ps(5), Instance /system/U_Decoder/F428/ : Warning: NUMERIC_STD."<": metavalue detected, returning FALSE
at 100 ps(8), Instance /system/U_Decoder/F30/ : Warning: NUMERIC_STD."<": metavalue detected, returning FALSE
at 100 ps(8), Instance /system/U_Decoder/F38/ : Warning: NUMERIC_STD."<": metavalue detected, returning FALSE
at 100 ps(8), Instance /system/U_Decoder/F316/ : Warning: NUMERIC_STD."<": metavalue detected, returning FALSE
at 100 ps(8), Instance /system/U_Decoder/F324/ : Warning: NUMERIC_STD."<": metavalue detected, returning FALSE
at 100 ps(11), Instance /system/U_Decoder/F20/ : Warning: NUMERIC_STD."<": metavalue detected, returning FALSE
at 100 ps(11), Instance /system/U_Decoder/F216/ : Warning: NUMERIC_STD."<": metavalue detected, returning FALSE
at 100 ps(14), Instance /system/U_Decoder/F10/ : Warning: NUMERIC_STD."<": metavalue detected, returning FALSE
# isim force add /system/boot 0 -radix bin
# run all
Stopped at time : 1613900 ps : File "D:/Dropbox/Thesis Project/Hardware/v1.0 Encode-Decoder no Fsm/Polar_32bits/PartialSumGenerator.vhd" Line 108
